<?xml version="1.0" encoding="UTF-8"?>
<!-- Generated by org.testng.reporters.JUnitReportReporter -->
<testsuite skipped="0" hostname="LAPTOP-LHPQTTM1" name="com.TestCases.LoginPageTest" tests="3" failures="0" timestamp="11 Mar 2019 05:55:52 GMT" time="19.498" errors="0">
  <testcase name="VerifyLogoofThePage" time="6.435" classname="com.TestCases.LoginPageTest"/>
  <testcase name="VerifyTitleofThePage" time="5.359" classname="com.TestCases.LoginPageTest"/>
  <testcase name="VerifyLoginPage" time="7.704" classname="com.TestCases.LoginPageTest"/>
</testsuite> <!-- com.TestCases.LoginPageTest -->
